<?xml version="1.0" encoding="UTF-8"?>
<!-- Generated by org.testng.reporters.JUnitReportReporter -->
<testsuite hostname="Sahil-Dell" failures="0" tests="1" name="com.cyient.test.FindACrusisesTest" time="20.240" errors="0" timestamp="2021-06-08T21:59:59 IST" skipped="0">
  <testcase classname="com.cyient.test.FindACrusisesTest" name="findCruise" time="20.240"/>
  <system-out/>
</testsuite> <!-- com.cyient.test.FindACrusisesTest -->
