<?xml version="1.0" encoding="UTF-8"?>
<!-- Generated by org.testng.reporters.JUnitReportReporter -->
<testsuite hostname="Sahil-Dell" failures="0" tests="1" name="com.cyient.test.SignupTest" time="25.975" errors="0" timestamp="2021-06-08T22:02:44 IST" skipped="0">
  <testcase classname="com.cyient.test.SignupTest" name="signInTest" time="25.975"/>
  <system-out/>
</testsuite> <!-- com.cyient.test.SignupTest -->
